<?xml version="1.0" encoding="UTF-8"?>
<Site BuildName="(empty)"
	BuildStamp="20240804-1244-Experimental"
	Name="ilyes-HP-EliteBook-830-G5"
	Generator="ctest-3.16.3"
	CompilerName="/usr/bin/c++"
	CompilerVersion="9.4.0"
	OSName="Linux"
	Hostname="ilyes-HP-EliteBook-830-G5"
	OSRelease="5.15.0-117-generic"
	OSVersion="#127~20.04.1-Ubuntu SMP Thu Jul 11 15:36:12 UTC 2024"
	OSPlatform="x86_64"
	Is64Bits="1"
	VendorString="GenuineIntel"
	VendorID="Intel Corporation"
	FamilyID="6"
	ModelID="142"
	ProcessorCacheSize="6144"
	NumberOfLogicalCPU="8"
	NumberOfPhysicalCPU="4"
	TotalVirtualMemory="6721"
	TotalPhysicalMemory="15829"
	LogicalProcessorsPerPhysical="2"
	ProcessorClockFrequency="1519.15"
	>
	<Testing>
		<StartDateTime>Aug 04 13:44 CET</StartDateTime>
		<StartTestTime>1722775483</StartTestTime>
		<TestList/>
		<EndDateTime>Aug 04 13:44 CET</EndDateTime>
		<EndTestTime>1722775483</EndTestTime>
		<ElapsedMinutes>0</ElapsedMinutes>
	</Testing>
</Site>
