<?xml version="1.0" encoding="UTF-8"?>
<Site BuildName="(empty)"
	BuildStamp="20240723-1328-Experimental"
	Name="ilyes-HP-EliteBook-830-G5"
	Generator="ctest-3.16.3"
	CompilerName="/usr/bin/c++"
	CompilerVersion="9.4.0"
	OSName="Linux"
	Hostname="ilyes-HP-EliteBook-830-G5"
	OSRelease="5.15.0-113-generic"
	OSVersion="#123~20.04.1-Ubuntu SMP Wed Jun 12 17:33:13 UTC 2024"
	OSPlatform="x86_64"
	Is64Bits="1"
	VendorString="GenuineIntel"
	VendorID="Intel Corporation"
	FamilyID="6"
	ModelID="142"
	ProcessorCacheSize="6144"
	NumberOfLogicalCPU="8"
	NumberOfPhysicalCPU="4"
	TotalVirtualMemory="6721"
	TotalPhysicalMemory="15829"
	LogicalProcessorsPerPhysical="2"
	ProcessorClockFrequency="1900"
	>
	<Testing>
		<StartDateTime>Jul 23 22:47 CET</StartDateTime>
		<StartTestTime>1721771257</StartTestTime>
		<TestList/>
		<EndDateTime>Jul 23 22:47 CET</EndDateTime>
		<EndTestTime>1721771257</EndTestTime>
		<ElapsedMinutes>0</ElapsedMinutes>
	</Testing>
</Site>
