<?xml version="1.0" encoding="UTF-8"?>
<Site BuildName="(empty)"
	BuildStamp="20240930-1252-Experimental"
	Name="ilyes-HP-EliteBook-830-G5"
	Generator="ctest-3.16.3"
	CompilerName="/usr/bin/c++"
	CompilerVersion="9.4.0"
	OSName="Linux"
	Hostname="ilyes-HP-EliteBook-830-G5"
	OSRelease="5.15.0-122-generic"
	OSVersion="#132~20.04.1-Ubuntu SMP Fri Aug 30 15:50:07 UTC 2024"
	OSPlatform="x86_64"
	Is64Bits="1"
	VendorString="GenuineIntel"
	VendorID="Intel Corporation"
	FamilyID="6"
	ModelID="142"
	ProcessorCacheSize="6144"
	NumberOfLogicalCPU="8"
	NumberOfPhysicalCPU="4"
	TotalVirtualMemory="6721"
	TotalPhysicalMemory="15829"
	LogicalProcessorsPerPhysical="2"
	ProcessorClockFrequency="1900"
	>
	<Testing>
		<StartDateTime>Sep 30 13:52 CET</StartDateTime>
		<StartTestTime>1727700727</StartTestTime>
		<TestList/>
		<EndDateTime>Sep 30 13:52 CET</EndDateTime>
		<EndTestTime>1727700727</EndTestTime>
		<ElapsedMinutes>0</ElapsedMinutes>
	</Testing>
</Site>
